Started GET "/" for 127.0.0.1 at 2018-03-21 20:37:03 +0200
Processing by Rails::WelcomeController#index as HTML
  Rendering /home/valdas/.rvm/gems/ruby-2.4.2/gems/railties-5.1.5/lib/rails/templates/rails/welcome/index.html.erb
  Rendered /home/valdas/.rvm/gems/ruby-2.4.2/gems/railties-5.1.5/lib/rails/templates/rails/welcome/index.html.erb (1.9ms)
Completed 200 OK in 105ms (Views: 4.2ms)


Started GET "/" for 127.0.0.1 at 2018-03-21 20:37:32 +0200
Processing by HomeController#index as HTML
  Rendering home/index.html.erb within layouts/application
  Rendered home/index.html.erb within layouts/application (0.2ms)
Completed 200 OK in 443ms (Views: 442.0ms)


  [1m[35m (0.1ms)[0m  [1m[34mSELECT sqlite_version(*)[0m
  [1m[35m (86.7ms)[0m  [1m[35mCREATE TABLE "schema_migrations" ("version" varchar NOT NULL PRIMARY KEY)[0m
  [1m[35m (91.9ms)[0m  [1m[35mCREATE TABLE "ar_internal_metadata" ("key" varchar NOT NULL PRIMARY KEY, "value" varchar, "created_at" datetime NOT NULL, "updated_at" datetime NOT NULL)[0m
  [1m[35m (0.2ms)[0m  [1m[34mSELECT "schema_migrations"."version" FROM "schema_migrations" ORDER BY "schema_migrations"."version" ASC[0m
Migrating to CreateTasks (20180321184707)
  [1m[35m (0.1ms)[0m  [1m[36mbegin transaction[0m
  [1m[35m (0.8ms)[0m  [1m[35mCREATE TABLE "tasks" ("id" INTEGER PRIMARY KEY AUTOINCREMENT NOT NULL, "created_at" datetime NOT NULL, "updated_at" datetime NOT NULL)[0m
  [1m[35mSQL (0.2ms)[0m  [1m[32mINSERT INTO "schema_migrations" ("version") VALUES (?)[0m  [["version", "20180321184707"]]
  [1m[35m (70.5ms)[0m  [1m[36mcommit transaction[0m
  [1m[36mActiveRecord::InternalMetadata Load (0.2ms)[0m  [1m[34mSELECT  "ar_internal_metadata".* FROM "ar_internal_metadata" WHERE "ar_internal_metadata"."key" = ? LIMIT ?[0m  [["key", "environment"], ["LIMIT", 1]]
  [1m[35m (0.1ms)[0m  [1m[36mbegin transaction[0m
  [1m[35mSQL (0.6ms)[0m  [1m[32mINSERT INTO "ar_internal_metadata" ("key", "value", "created_at", "updated_at") VALUES (?, ?, ?, ?)[0m  [["key", "environment"], ["value", "development"], ["created_at", "2018-03-21 19:00:55.391872"], ["updated_at", "2018-03-21 19:00:55.391872"]]
  [1m[35m (51.7ms)[0m  [1m[36mcommit transaction[0m
  [1m[35m (0.1ms)[0m  [1m[34mSELECT "schema_migrations"."version" FROM "schema_migrations" ORDER BY "schema_migrations"."version" ASC[0m
  [1m[35m (0.1ms)[0m  [1m[36mbegin transaction[0m
  [1m[35m (0.1ms)[0m  [1m[36mcommit transaction[0m
  [1m[36mTask Load (0.3ms)[0m  [1m[34mSELECT  "tasks".* FROM "tasks" LIMIT ?[0m  [["LIMIT", 11]]
  [1m[36mTask Load (0.2ms)[0m  [1m[34mSELECT  "tasks".* FROM "tasks" LIMIT ?[0m  [["LIMIT", 11]]
  [1m[35m (0.1ms)[0m  [1m[36mbegin transaction[0m
  [1m[35mSQL (0.4ms)[0m  [1m[32mINSERT INTO "tasks" ("created_at", "updated_at") VALUES (?, ?)[0m  [["created_at", "2018-03-21 19:03:07.724514"], ["updated_at", "2018-03-21 19:03:07.724514"]]
  [1m[35m (109.0ms)[0m  [1m[36mcommit transaction[0m
  [1m[36mTask Load (0.3ms)[0m  [1m[34mSELECT  "tasks".* FROM "tasks" ORDER BY "tasks"."id" ASC LIMIT ?[0m  [["LIMIT", 1]]
  [1m[35m (0.1ms)[0m  [1m[36mbegin transaction[0m
  [1m[35mSQL (0.3ms)[0m  [1m[31mDELETE FROM "tasks" WHERE "tasks"."id" = ?[0m  [["id", 1]]
  [1m[35m (54.0ms)[0m  [1m[36mcommit transaction[0m
  [1m[36mTask Load (0.2ms)[0m  [1m[34mSELECT  "tasks".* FROM "tasks" LIMIT ?[0m  [["LIMIT", 11]]
  [1m[35m (0.1ms)[0m  [1m[34mSELECT "schema_migrations"."version" FROM "schema_migrations" ORDER BY "schema_migrations"."version" ASC[0m
Migrating to AddDescriptionToTasks (20180321190425)
  [1m[35m (0.0ms)[0m  [1m[36mbegin transaction[0m
  [1m[35m (1.6ms)[0m  [1m[35mALTER TABLE "tasks" ADD "description" varchar[0m
  [1m[35mSQL (0.1ms)[0m  [1m[32mINSERT INTO "schema_migrations" ("version") VALUES (?)[0m  [["version", "20180321190425"]]
  [1m[35m (44.1ms)[0m  [1m[36mcommit transaction[0m
  [1m[36mActiveRecord::InternalMetadata Load (0.2ms)[0m  [1m[34mSELECT  "ar_internal_metadata".* FROM "ar_internal_metadata" WHERE "ar_internal_metadata"."key" = ? LIMIT ?[0m  [["key", "environment"], ["LIMIT", 1]]
  [1m[35m (0.1ms)[0m  [1m[36mbegin transaction[0m
  [1m[35m (0.1ms)[0m  [1m[36mcommit transaction[0m
  [1m[35m (0.1ms)[0m  [1m[34mSELECT "schema_migrations"."version" FROM "schema_migrations" ORDER BY "schema_migrations"."version" ASC[0m
  [1m[35m (0.1ms)[0m  [1m[34mSELECT "schema_migrations"."version" FROM "schema_migrations" ORDER BY "schema_migrations"."version" ASC[0m
  [1m[35m (0.1ms)[0m  [1m[34mSELECT "schema_migrations"."version" FROM "schema_migrations" ORDER BY "schema_migrations"."version" ASC[0m
Migrating to AddDescriptionToTasks (20180321190425)
  [1m[35m (0.0ms)[0m  [1m[36mbegin transaction[0m
  [1m[35m (0.1ms)[0m  [1m[34mSELECT sqlite_version(*)[0m
  [1m[35m (0.2ms)[0m  [1m[35mCREATE TEMPORARY TABLE "atasks" ("id" integer NOT NULL PRIMARY KEY, "created_at" datetime NOT NULL, "updated_at" datetime NOT NULL, "description" varchar DEFAULT NULL)[0m
  [1m[35m (0.1ms)[0m  [1m[32mINSERT INTO "atasks" ("id","created_at","updated_at","description")
                     SELECT "id","created_at","updated_at","description" FROM "tasks"[0m
  [1m[35m (1.4ms)[0m  [1m[35mDROP TABLE "tasks"[0m
  [1m[35m (0.1ms)[0m  [1m[35mCREATE TABLE "tasks" ("id" integer NOT NULL PRIMARY KEY, "created_at" datetime NOT NULL, "updated_at" datetime NOT NULL)[0m
  [1m[35m (0.1ms)[0m  [1m[32mINSERT INTO "tasks" ("id","created_at","updated_at")
                     SELECT "id","created_at","updated_at" FROM "atasks"[0m
  [1m[35m (0.1ms)[0m  [1m[35mDROP TABLE "atasks"[0m
  [1m[35mSQL (0.1ms)[0m  [1m[31mDELETE FROM "schema_migrations" WHERE "schema_migrations"."version" = ?[0m  [["version", "20180321190425"]]
  [1m[35m (61.2ms)[0m  [1m[36mcommit transaction[0m
  [1m[35m (0.2ms)[0m  [1m[34mSELECT "schema_migrations"."version" FROM "schema_migrations" ORDER BY "schema_migrations"."version" ASC[0m
  [1m[35m (0.1ms)[0m  [1m[34mSELECT "schema_migrations"."version" FROM "schema_migrations" ORDER BY "schema_migrations"."version" ASC[0m
Migrating to AddDescriptionToTasks (20180321190425)
  [1m[35m (0.0ms)[0m  [1m[36mbegin transaction[0m
  [1m[35m (0.2ms)[0m  [1m[35mALTER TABLE "tasks" ADD "description" varchar NOT NULL[0m
  [1m[35m (0.0ms)[0m  [1m[31mrollback transaction[0m
  [1m[35m (0.1ms)[0m  [1m[34mSELECT "schema_migrations"."version" FROM "schema_migrations" ORDER BY "schema_migrations"."version" ASC[0m
Migrating to AddDescriptionToTasks (20180321190425)
  [1m[35m (0.0ms)[0m  [1m[36mbegin transaction[0m
  [1m[35m (0.2ms)[0m  [1m[35mALTER TABLE "tasks" ADD "description" varchar NOT NULL[0m
  [1m[35m (0.0ms)[0m  [1m[31mrollback transaction[0m
  [1m[35m (0.1ms)[0m  [1m[34mSELECT "schema_migrations"."version" FROM "schema_migrations" ORDER BY "schema_migrations"."version" ASC[0m
Migrating to AddDescriptionToTasks (20180321190425)
  [1m[35m (0.0ms)[0m  [1m[36mbegin transaction[0m
  [1m[35m (0.3ms)[0m  [1m[35mALTER TABLE "tasks" ADD "description" varchar NOT NULL[0m
  [1m[35m (0.0ms)[0m  [1m[31mrollback transaction[0m
  [1m[35m (0.1ms)[0m  [1m[34mSELECT "schema_migrations"."version" FROM "schema_migrations" ORDER BY "schema_migrations"."version" ASC[0m
Migrating to AddDescriptionToTasks (20180321190425)
  [1m[35m (0.1ms)[0m  [1m[36mbegin transaction[0m
  [1m[35m (1.3ms)[0m  [1m[35mALTER TABLE "tasks" ADD "description" varchar DEFAULT '' NOT NULL[0m
  [1m[35mSQL (0.1ms)[0m  [1m[32mINSERT INTO "schema_migrations" ("version") VALUES (?)[0m  [["version", "20180321190425"]]
  [1m[35m (44.8ms)[0m  [1m[36mcommit transaction[0m
Migrating to AddCompleteToTasks (20180321200913)
  [1m[35m (0.1ms)[0m  [1m[36mbegin transaction[0m
  [1m[35m (0.3ms)[0m  [1m[35mALTER TABLE "tasks" ADD "complete" boolean DEFAULT 'f'[0m
  [1m[35mSQL (0.1ms)[0m  [1m[32mINSERT INTO "schema_migrations" ("version") VALUES (?)[0m  [["version", "20180321200913"]]
  [1m[35m (66.0ms)[0m  [1m[36mcommit transaction[0m
  [1m[36mActiveRecord::InternalMetadata Load (0.2ms)[0m  [1m[34mSELECT  "ar_internal_metadata".* FROM "ar_internal_metadata" WHERE "ar_internal_metadata"."key" = ? LIMIT ?[0m  [["key", "environment"], ["LIMIT", 1]]
  [1m[35m (0.0ms)[0m  [1m[36mbegin transaction[0m
  [1m[35m (0.0ms)[0m  [1m[36mcommit transaction[0m
  [1m[35m (0.1ms)[0m  [1m[34mSELECT "schema_migrations"."version" FROM "schema_migrations" ORDER BY "schema_migrations"."version" ASC[0m
Started GET "/" for 127.0.0.1 at 2018-03-21 22:15:25 +0200
  [1m[35m (0.1ms)[0m  [1m[34mSELECT "schema_migrations"."version" FROM "schema_migrations" ORDER BY "schema_migrations"."version" ASC[0m
Processing by HomeController#index as HTML
  Rendering home/index.html.erb within layouts/application
  Rendered home/index.html.erb within layouts/application (0.3ms)
Completed 200 OK in 14ms (Views: 12.7ms | ActiveRecord: 0.0ms)


Started GET "/" for 127.0.0.1 at 2018-03-21 22:17:31 +0200
Processing by HomeController#index as HTML
  Rendering home/index.html.erb within layouts/application
  Rendered home/index.html.erb within layouts/application (0.3ms)
Completed 200 OK in 15ms (Views: 14.5ms | ActiveRecord: 0.0ms)


Started GET "/" for 127.0.0.1 at 2018-03-21 22:18:18 +0200
Processing by HomeController#index as HTML
  Rendering home/index.html.erb within layouts/application
  Rendered home/index.html.erb within layouts/application (0.3ms)
Completed 200 OK in 12ms (Views: 11.5ms | ActiveRecord: 0.0ms)


Started GET "/" for 127.0.0.1 at 2018-03-21 22:20:03 +0200
Processing by HomeController#index as HTML
  Rendering home/index.html.erb within layouts/application
  [1m[36mTask Load (0.1ms)[0m  [1m[34mSELECT "tasks".* FROM "tasks"[0m
  Rendered home/index.html.erb within layouts/application (2.6ms)
Completed 200 OK in 19ms (Views: 16.3ms | ActiveRecord: 0.7ms)


  [1m[35m (0.1ms)[0m  [1m[36mbegin transaction[0m
  [1m[35mSQL (1.2ms)[0m  [1m[32mINSERT INTO "tasks" ("created_at", "updated_at", "description") VALUES (?, ?, ?)[0m  [["created_at", "2018-03-21 20:20:43.313410"], ["updated_at", "2018-03-21 20:20:43.313410"], ["description", "Clean the house"]]
  [1m[35m (47.5ms)[0m  [1m[36mcommit transaction[0m
Started GET "/" for 127.0.0.1 at 2018-03-21 22:20:46 +0200
Processing by HomeController#index as HTML
  Rendering home/index.html.erb within layouts/application
  [1m[36mTask Load (0.2ms)[0m  [1m[34mSELECT "tasks".* FROM "tasks"[0m
  Rendered home/index.html.erb within layouts/application (7.6ms)
Completed 200 OK in 21ms (Views: 19.7ms | ActiveRecord: 0.6ms)


Started GET "/" for 127.0.0.1 at 2018-03-21 22:21:43 +0200
Processing by HomeController#index as HTML
  Rendering home/index.html.erb within layouts/application
  [1m[36mTask Exists (0.2ms)[0m  [1m[34mSELECT  1 AS one FROM "tasks" LIMIT ?[0m  [["LIMIT", 1]]
  [1m[36mTask Load (0.1ms)[0m  [1m[34mSELECT "tasks".* FROM "tasks"[0m
  Rendered home/index.html.erb within layouts/application (2.5ms)
Completed 200 OK in 17ms (Views: 15.6ms | ActiveRecord: 0.3ms)


  [1m[35m (0.1ms)[0m  [1m[36mbegin transaction[0m
  [1m[35mSQL (1.4ms)[0m  [1m[31mDELETE FROM "tasks" WHERE "tasks"."id" = ?[0m  [["id", 1]]
  [1m[35m (51.6ms)[0m  [1m[36mcommit transaction[0m
Started GET "/" for 127.0.0.1 at 2018-03-21 22:21:50 +0200
Processing by HomeController#index as HTML
  Rendering home/index.html.erb within layouts/application
  [1m[36mTask Exists (0.2ms)[0m  [1m[34mSELECT  1 AS one FROM "tasks" LIMIT ?[0m  [["LIMIT", 1]]
  [1m[36mTask Load (0.1ms)[0m  [1m[34mSELECT "tasks".* FROM "tasks"[0m
  Rendered home/index.html.erb within layouts/application (1.6ms)
Completed 200 OK in 22ms (Views: 20.3ms | ActiveRecord: 0.3ms)


Started GET "/" for 127.0.0.1 at 2018-03-21 22:22:09 +0200
Processing by HomeController#index as HTML
  Rendering home/index.html.erb within layouts/application
  [1m[36mTask Exists (0.2ms)[0m  [1m[34mSELECT  1 AS one FROM "tasks" LIMIT ?[0m  [["LIMIT", 1]]
  Rendered home/index.html.erb within layouts/application (1.1ms)
Completed 200 OK in 15ms (Views: 14.2ms | ActiveRecord: 0.2ms)


Started GET "/" for 127.0.0.1 at 2018-03-21 22:22:58 +0200
Processing by HomeController#index as HTML
  Rendering home/index.html.erb within layouts/application
  Rendered home/index.html.erb within layouts/application (0.6ms)
Completed 500 Internal Server Error in 2ms (ActiveRecord: 0.0ms)


  
SyntaxError (/home/valdas/Projects/Task-List100/app/views/home/index.html.erb:19: syntax error, unexpected keyword_ensure, expecting keyword_end
          ensure
                ^
/home/valdas/Projects/Task-List100/app/views/home/index.html.erb:21: syntax error, unexpected end-of-input, expecting keyword_end):
  
app/views/home/index.html.erb:19: syntax error, unexpected keyword_ensure, expecting keyword_end
app/views/home/index.html.erb:21: syntax error, unexpected end-of-input, expecting keyword_end
Started GET "/" for 127.0.0.1 at 2018-03-21 22:23:05 +0200
Processing by HomeController#index as HTML
  Rendering home/index.html.erb within layouts/application
  [1m[36mTask Load (0.2ms)[0m  [1m[34mSELECT "tasks".* FROM "tasks"[0m
  Rendered home/index.html.erb within layouts/application (0.9ms)
Completed 200 OK in 18ms (Views: 17.2ms | ActiveRecord: 0.2ms)


Started GET "/" for 127.0.0.1 at 2018-03-22 21:10:00 +0200
  [1m[35m (0.2ms)[0m  [1m[34mSELECT "schema_migrations"."version" FROM "schema_migrations" ORDER BY "schema_migrations"."version" ASC[0m
Processing by HomeController#index as HTML
  Rendering home/index.html.erb within layouts/application
  [1m[36mTask Load (0.3ms)[0m  [1m[34mSELECT "tasks".* FROM "tasks"[0m
  Rendered home/index.html.erb within layouts/application (6.8ms)
Completed 200 OK in 347ms (Views: 297.9ms | ActiveRecord: 0.7ms)


Started GET "/" for 127.0.0.1 at 2018-03-22 21:11:21 +0200
Processing by HomeController#index as HTML
  Rendering home/index.html.erb within layouts/application
  [1m[36mTask Load (0.1ms)[0m  [1m[34mSELECT "tasks".* FROM "tasks"[0m
  Rendered home/index.html.erb within layouts/application (1.5ms)
Completed 200 OK in 18ms (Views: 16.8ms | ActiveRecord: 0.4ms)


Started GET "/" for 127.0.0.1 at 2018-03-22 21:11:43 +0200
Processing by HomeController#index as HTML
  Rendering home/index.html.erb within layouts/application
  [1m[36mTask Load (0.2ms)[0m  [1m[34mSELECT "tasks".* FROM "tasks"[0m
  Rendered home/index.html.erb within layouts/application (1.0ms)
Completed 200 OK in 20ms (Views: 18.6ms | ActiveRecord: 0.2ms)


Started GET "/" for 127.0.0.1 at 2018-03-22 21:14:21 +0200
Processing by HomeController#index as HTML
  Rendering home/index.html.erb within layouts/application
  [1m[36mTask Load (0.2ms)[0m  [1m[34mSELECT "tasks".* FROM "tasks"[0m
  Rendered home/index.html.erb within layouts/application (1.1ms)
Completed 200 OK in 17ms (Views: 15.7ms | ActiveRecord: 0.2ms)


Started GET "/" for 127.0.0.1 at 2018-03-22 21:26:23 +0200
Processing by HomeController#index as HTML
  Rendering home/index.html.erb within layouts/application
  [1m[36mTask Load (0.3ms)[0m  [1m[34mSELECT "tasks".* FROM "tasks"[0m
  Rendered home/index.html.erb within layouts/application (1.4ms)
Completed 200 OK in 21ms (Views: 19.2ms | ActiveRecord: 0.3ms)


Started GET "/" for 127.0.0.1 at 2018-03-22 21:51:02 +0200
Processing by HomeController#index as HTML
  Rendering home/index.html.erb within layouts/application
  [1m[36mTask Load (0.2ms)[0m  [1m[34mSELECT  "tasks".* FROM "tasks" LIMIT ?[0m  [["LIMIT", 11]]
  [1m[36mCACHE Task Load (0.0ms)[0m  [1m[34mSELECT  "tasks".* FROM "tasks" LIMIT ?[0m  [["LIMIT", 11]]
  [1m[36mCACHE Task Load (0.0ms)[0m  [1m[34mSELECT  "tasks".* FROM "tasks" LIMIT ?[0m  [["LIMIT", 11]]
  [1m[36mCACHE Task Load (0.0ms)[0m  [1m[34mSELECT  "tasks".* FROM "tasks" LIMIT ?[0m  [["LIMIT", 11]]
  Rendered home/index.html.erb within layouts/application (115.2ms)
Completed 500 Internal Server Error in 129ms (ActiveRecord: 1.5ms)


  
ActionView::Template::Error (undefined method `tasks_path' for #<#<Class:0x00007f4170036d18>:0x00007f4170034d10>
Did you mean?  asset_path):
    1: <h1>My Task List</h1>
    2: <button id='add-new-task'>Add New Task</button>
    3: <input type='text' name='Task Field' id='new-task'>
    4: <%= form_for @task, remote: true do |t| %>
    5:   <%= t.text_field 'Task Name' %>
    6: <% end %>
    7: <table>
  
app/views/home/index.html.erb:4:in `_app_views_home_index_html_erb___1948411705000200046_69959514438500'
Started GET "/" for 127.0.0.1 at 2018-03-22 21:57:31 +0200
Processing by HomeController#index as HTML
  Rendering home/index.html.erb within layouts/application
  [1m[36mTask Load (0.2ms)[0m  [1m[34mSELECT  "tasks".* FROM "tasks" LIMIT ?[0m  [["LIMIT", 11]]
  [1m[36mCACHE Task Load (0.0ms)[0m  [1m[34mSELECT  "tasks".* FROM "tasks" LIMIT ?[0m  [["LIMIT", 11]]
  [1m[36mCACHE Task Load (0.0ms)[0m  [1m[34mSELECT  "tasks".* FROM "tasks" LIMIT ?[0m  [["LIMIT", 11]]
  [1m[36mCACHE Task Load (0.0ms)[0m  [1m[34mSELECT  "tasks".* FROM "tasks" LIMIT ?[0m  [["LIMIT", 11]]
  Rendered home/index.html.erb within layouts/application (116.1ms)
Completed 500 Internal Server Error in 130ms (ActiveRecord: 1.4ms)


  
ActionView::Template::Error (undefined method `tasks_path' for #<#<Class:0x00007f418544ea08>:0x00007f4185436318>
Did you mean?  asset_path):
    1: <h1>My Task List</h1>
    2: <button id='add-new-task'>Add New Task</button>
    3: <input type='text' name='Task Field' id='new-task'>
    4: <%= form_for @task, remote: true do |t| %>
    5:   <%= t.text_field :task_name, 'Task Name' %>
    6: <% end %>
    7: <table>
  
app/views/home/index.html.erb:4:in `_app_views_home_index_html_erb___1948411705000200046_69959692787720'
Started GET "/" for 127.0.0.1 at 2018-03-22 21:58:54 +0200
Processing by HomeController#index as HTML
  Rendering home/index.html.erb within layouts/application
  Rendered home/index.html.erb within layouts/application (4.4ms)
Completed 500 Internal Server Error in 17ms (ActiveRecord: 1.0ms)


  
ActionView::Template::Error (undefined method `merge' for "Task Name":String):
    2: <button id='add-new-task'>Add New Task</button>
    3: <input type='text' name='Task Field' id='new-task'>
    4: <%= form_for @task, remote: true do |t| %>
    5:   <%= t.text_field :task_name, 'Task Name' %>
    6: <% end %>
    7: <table>
    8:   <tr>
  
app/views/home/index.html.erb:5:in `block in _app_views_home_index_html_erb___1948411705000200046_69959697630860'
app/views/home/index.html.erb:4:in `_app_views_home_index_html_erb___1948411705000200046_69959697630860'
Started GET "/" for 127.0.0.1 at 2018-03-22 22:05:52 +0200
Processing by HomeController#index as HTML
  Rendering home/index.html.erb within layouts/application
  Rendered home/index.html.erb within layouts/application (4.8ms)
Completed 500 Internal Server Error in 17ms (ActiveRecord: 1.1ms)


  
ActionView::Template::Error (undefined method `merge' for "Task Name":String):
    2: <button id='add-new-task'>Add New Task</button>
    3: <input type='text' name='Task Field' id='new-task'>
    4: <%= form_for @task, remote: true do |t| %>
    5:   <%= t.text_field :description, 'Task Name' %>
    6: <% end %>
    7: <table>
    8:   <tr>
  
app/views/home/index.html.erb:5:in `block in _app_views_home_index_html_erb___1948411705000200046_69959697841780'
app/views/home/index.html.erb:4:in `_app_views_home_index_html_erb___1948411705000200046_69959697841780'
Started GET "/" for 127.0.0.1 at 2018-03-22 22:06:06 +0200
Processing by HomeController#index as HTML
  Rendering home/index.html.erb within layouts/application
  [1m[36mTask Load (0.2ms)[0m  [1m[34mSELECT "tasks".* FROM "tasks"[0m
  Rendered home/index.html.erb within layouts/application (20.8ms)
Completed 200 OK in 63ms (Views: 61.8ms | ActiveRecord: 0.2ms)


Started GET "/" for 127.0.0.1 at 2018-03-22 22:06:59 +0200
Processing by HomeController#index as HTML
  Rendering home/index.html.erb within layouts/application
  [1m[36mTask Load (0.2ms)[0m  [1m[34mSELECT "tasks".* FROM "tasks"[0m
  Rendered home/index.html.erb within layouts/application (2.2ms)
Completed 200 OK in 24ms (Views: 22.3ms | ActiveRecord: 0.2ms)


Started GET "/" for 127.0.0.1 at 2018-03-22 22:07:05 +0200
Processing by HomeController#index as HTML
  Rendering home/index.html.erb within layouts/application
  [1m[36mTask Load (0.2ms)[0m  [1m[34mSELECT "tasks".* FROM "tasks"[0m
  Rendered home/index.html.erb within layouts/application (1.6ms)
Completed 200 OK in 19ms (Views: 18.0ms | ActiveRecord: 0.2ms)


Started GET "/" for 127.0.0.1 at 2018-03-22 22:08:06 +0200
Processing by HomeController#index as HTML
  Rendering home/index.html.erb within layouts/application
  [1m[36mTask Load (0.2ms)[0m  [1m[34mSELECT "tasks".* FROM "tasks"[0m
  Rendered home/index.html.erb within layouts/application (1.5ms)
Completed 200 OK in 23ms (Views: 21.7ms | ActiveRecord: 0.2ms)


